
......................................
2022-08-10T02:45:56.434Z
......................................
Tests Results:
......................................
Quick Sort: 3.6879000663757324 ms
Jump Search: 0.12329959869384766 ms
Binary Search: 0.16940021514892578 ms
Straight Search: 0.7646999359130859 ms

......................................
2022-08-10T02:46:10.072Z
......................................
Tests Results:
......................................
Quick Sort: 2.5567002296447754 ms
Binary Search: 0.12040042877197266 ms
Jump Search: 0.4211997985839844 ms
Straight Search: 0.7980003356933594 ms

......................................
2022-08-10T02:46:37.183Z
......................................
Tests Results:
......................................
Jump Search: 0.2888002395629883 ms
Quick Sort: 2.514500141143799 ms
Straight Search: 0.7399997711181641 ms
Binary Search: 0.11610031127929688 ms
